[debug] [2020-01-07T07:15:01.916Z] ----------------------------------------------------------------------
[debug] [2020-01-07T07:15:01.919Z] Command:       C:\Program Files\nodejs\node.exe C:\Users\samro\AppData\Roaming\npm\node_modules\firebase-tools\lib\bin\firebase.js deploy
[debug] [2020-01-07T07:15:01.919Z] CLI Version:   7.11.0
[debug] [2020-01-07T07:15:01.919Z] Platform:      win32
[debug] [2020-01-07T07:15:01.919Z] Node Version:  v13.5.0
[debug] [2020-01-07T07:15:01.921Z] Time:          Tue Jan 07 2020 20:15:01 GMT+1300 (New Zealand Daylight Time)
[debug] [2020-01-07T07:15:01.921Z] ----------------------------------------------------------------------
[debug] [2020-01-07T07:15:01.921Z] 
[debug] [2020-01-07T07:15:01.936Z] > command requires scopes: ["email","openid","https://www.googleapis.com/auth/cloudplatformprojects.readonly","https://www.googleapis.com/auth/firebase","https://www.googleapis.com/auth/cloud-platform"]
[debug] [2020-01-07T07:15:01.938Z] > authorizing via signed-in user
[debug] [2020-01-07T07:15:01.938Z] [iam] checking project shoptradeapp for permissions ["cloudfunctions.functions.create","cloudfunctions.functions.delete","cloudfunctions.functions.get","cloudfunctions.functions.list","cloudfunctions.functions.update","cloudfunctions.operations.get","firebase.projects.get","firebasehosting.sites.update","firebaserules.releases.create","firebaserules.releases.update","firebaserules.rulesets.create"]
[debug] [2020-01-07T07:15:01.942Z] >>> HTTP REQUEST POST https://cloudresourcemanager.googleapis.com/v1/projects/shoptradeapp:testIamPermissions  

[debug] [2020-01-07T07:15:03.491Z] <<< HTTP RESPONSE 200
[debug] [2020-01-07T07:15:03.497Z] >>> HTTP REQUEST GET https://firebase.googleapis.com/v1beta1/projects/shoptradeapp  
 
[debug] [2020-01-07T07:15:04.090Z] <<< HTTP RESPONSE 200
[info] 
[info] === Deploying to 'shoptradeapp'...
[info] 
[info] i  deploying storage, functions, hosting
[debug] [2020-01-07T07:15:07.661Z] >>> HTTP REQUEST GET https://appengine.googleapis.com/v1/apps/shoptradeapp  
 
[debug] [2020-01-07T07:15:10.037Z] <<< HTTP RESPONSE 200
[info] i  firebase.storage: checking storage.rules for compilation errors...
[debug] [2020-01-07T07:15:10.041Z] >>> HTTP REQUEST POST https://firebaserules.googleapis.com/v1/projects/shoptradeapp:test  

[debug] [2020-01-07T07:15:12.337Z] <<< HTTP RESPONSE 200
[info] +  firebase.storage: rules file storage.rules compiled successfully
[debug] [2020-01-07T07:15:12.344Z] > [functions] package.json contents: {
  "name": "functions",
  "description": "Cloud Functions for Firebase",
  "scripts": {
    "serve": "firebase serve --only functions",
    "shell": "firebase functions:shell",
    "start": "npm run shell",
    "deploy": "firebase deploy --only functions",
    "logs": "firebase functions:log"
  },
  "engines": {
    "node": "8"
  },
  "dependencies": {
    "express": "^4.17.1",
    "firebase-admin": "^8.6.0",
    "firebase-functions": "^3.3.0"
  },
  "devDependencies": {
    "firebase-functions-test": "^0.1.6"
  },
  "private": true
}
[info] i  functions: ensuring necessary APIs are enabled...
[debug] [2020-01-07T07:15:12.348Z] >>> HTTP REQUEST GET https://serviceusage.googleapis.com/v1/projects/shoptradeapp/services/cloudfunctions.googleapis.com  
 
[debug] [2020-01-07T07:15:12.350Z] >>> HTTP REQUEST GET https://serviceusage.googleapis.com/v1/projects/shoptradeapp/services/runtimeconfig.googleapis.com  
 
[debug] [2020-01-07T07:15:14.208Z] <<< HTTP RESPONSE 200
[debug] [2020-01-07T07:15:14.929Z] <<< HTTP RESPONSE 200
[info] +  functions: all necessary APIs are enabled
[debug] [2020-01-07T07:15:14.932Z] >>> HTTP REQUEST GET https://firebase.googleapis.com/v1beta1/projects/shoptradeapp/adminSdkConfig  
 
[debug] [2020-01-07T07:15:15.546Z] <<< HTTP RESPONSE 200
[debug] [2020-01-07T07:15:15.551Z] >>> HTTP REQUEST POST https://firebasehosting.googleapis.com/v1beta1/sites/shoptradeapp/versions  

[debug] [2020-01-07T07:15:17.805Z] <<< HTTP RESPONSE 200
[debug] [2020-01-07T07:15:17.806Z] >>> HTTP REQUEST GET https://firebaserules.googleapis.com/v1/projects/shoptradeapp/releases?pageSize=10&pageToken=  
 
[debug] [2020-01-07T07:15:18.600Z] <<< HTTP RESPONSE 200
[debug] [2020-01-07T07:15:18.602Z] >>> HTTP REQUEST GET https://firebaserules.googleapis.com/v1/projects/shoptradeapp/rulesets/11c04fa2-c373-4670-b9e8-d7a4e6b35c6b  
 
[debug] [2020-01-07T07:15:20.585Z] <<< HTTP RESPONSE 200
[info] i  storage: latest version of storage.rules already up to date, skipping upload...
[info] i  functions: preparing functions directory for uploading...
[debug] [2020-01-07T07:15:20.596Z] >>> HTTP REQUEST GET https://runtimeconfig.googleapis.com/v1beta1/projects/shoptradeapp/configs  
 
[debug] [2020-01-07T07:15:21.377Z] <<< HTTP RESPONSE 200
[info] i  functions: packaged functions (27.91 KB) for uploading
[debug] [2020-01-07T07:15:22.086Z] >>> HTTP REQUEST POST https://cloudfunctions.googleapis.com/v1/projects/shoptradeapp/locations/us-central1/functions:generateUploadUrl  
 
[debug] [2020-01-07T07:15:23.360Z] <<< HTTP RESPONSE 200
[debug] [2020-01-07T07:15:23.362Z] >>> HTTP REQUEST PUT https://storage.googleapis.com/gcf-upload-us-central1-f390fcac-a5ea-4c93-a4f1-e1b64d382b38/5b5ed55d-9fc6-4177-8daf-ee706d694026.zip?GoogleAccessId=service-839705475372@gcf-admin-robot.iam.gserviceaccount.com&Expires=1578383112&Signature=ttmISMJWo0A5imMalYoZHni%2B5Tm0HHAuyEF%2FGMvyj6kHp86UcxIu%2BSw5QR6gCnjiQ8Zej2Pp9KVej0VttFmjM26IYHtdaixho7yRoZe4uJTrIKcLZ%2FqVPBrxvXslThYWJAPt98gm%2BILivEpnMusPpWTpMi9IUjHE4qrFdvY%2B%2BgW2SCOnTX49uQbK7B4BHooxaMu7zT%2BY1Z3n%2FHJxHi4MUytKA2eDBJcY5y9GO0OCtIIVGaGjzFPmQzRwiPvfDXcIJ%2Fpo16ZBNhzT%2FqBqJ%2BdDXgWumY8wqEsfdE99FVbFEkwSTCvmxfJU97lfVCa5ajgc5NxMX4kpS0U0nPLyXv2h%2Fg%3D%3D  
 <request body omitted>
[debug] [2020-01-07T07:15:24.046Z] <<< HTTP RESPONSE 200
[info] +  functions: functions folder uploaded successfully
[info] i  hosting[shoptradeapp]: beginning deploy...
[info] i  hosting[shoptradeapp]: found 41 files in build
[debug] [2020-01-07T07:15:24.133Z] [hosting] hash cache [YnVpbGQ] stored for 41 files
[debug] [2020-01-07T07:15:24.134Z] [hosting][hash queue][FINAL]
[debug] [2020-01-07T07:15:24.134Z] >>> HTTP REQUEST POST https://firebasehosting.googleapis.com/v1beta1/sites/shoptradeapp/versions/65b4933d95e76537:populateFiles  
 <request body omitted>
[debug] [2020-01-07T07:15:26.309Z] <<< HTTP RESPONSE 200
[debug] [2020-01-07T07:15:26.310Z] [hosting][populate queue][FINAL]
[debug] [2020-01-07T07:15:26.310Z] [hosting] uploads queued: 0
[debug] [2020-01-07T07:15:26.310Z] [hosting][upload queue][FINAL]
[info] +  hosting[shoptradeapp]: file upload complete
[debug] [2020-01-07T07:15:26.313Z] [hosting] deploy completed after 2260ms
[debug] [2020-01-07T07:15:27.036Z] [rules] releasing firebase.storage/shoptradeapp.appspot.com with ruleset projects/shoptradeapp/rulesets/11c04fa2-c373-4670-b9e8-d7a4e6b35c6b
[debug] [2020-01-07T07:15:27.037Z] >>> HTTP REQUEST PATCH https://firebaserules.googleapis.com/v1/projects/shoptradeapp/releases/firebase.storage/shoptradeapp.appspot.com  

[debug] [2020-01-07T07:15:27.507Z] <<< HTTP RESPONSE 200
[debug] [2020-01-07T07:15:27.507Z] [rules] updated release projects/shoptradeapp/releases/firebase.storage/shoptradeapp.appspot.com
[info] +  storage: released rules storage.rules to firebase.storage
[debug] [2020-01-07T07:15:27.510Z] >>> HTTP REQUEST GET https://cloudfunctions.googleapis.com/v1/projects/shoptradeapp/locations/-/functions  
 
[debug] [2020-01-07T07:15:28.166Z] <<< HTTP RESPONSE 200
[info] i  functions: creating Node.js 8 function api(us-central1)...
[debug] [2020-01-07T07:15:28.275Z] Trigger is:  {"httpsTrigger":{}}
[info] i  functions: updating Node.js 8 function helloworld(us-central1)...
[debug] [2020-01-07T07:15:28.278Z] Trigger is:  {"httpsTrigger":{}}
[info] i  functions: updating Node.js 8 function createCategories(us-central1)...
[debug] [2020-01-07T07:15:28.279Z] Trigger is:  {"httpsTrigger":{}}
[info] 
The following functions are found in your project but do not exist in your local source code:
	getCategories(us-central1)

If you are renaming a function or changing its region, it is recommended that you create the new function first before deleting the old one to prevent event loss. For more info, visit https://firebase.google.com/docs/functions/manage-functions#modify

